python train_pptr.py --output-dir ./output_pptr --epochs 1
Namespace(seed=803, model='PrimitiveTransformer', radius=0.9, nsamples=32, spatial_stride=32, temporal_kernel_size=3, temporal_stride=1, emb_relu=False, dim=2048, depth=5, heads=8, dim_head=128, mlp_dim=1024, batch_size=8, epochs=1, workers=10, lr=0.05, momentum=0.9, weight_decay=0.0001, lr_milestones=[20, 35], lr_gamma=0.5, lr_warmup_epochs=5, print_freq=20, output_dir='./output_pptr', resume='', start_epoch=0)
torch version:  2.7.0+cu126
torchvision version:  0.22.0+cu126
Loading data
train1.h5
test1.h5
Creating data loaders
Creating model
Start training
Epoch: [0]  [ 0/94]  eta: 0:06:21  lr: 5.000000000000001e-07  clips/s: 2.494  loss: 2.9484 (2.9484)  acc: 0.1317 (0.1317)  time: 4.0566  data: 0.8490  max mem: 33365
Epoch: [0]  [20/94]  eta: 0:03:12  lr: 0.0021281382978723404  clips/s: 3.155  loss: 2.4820 (2.5619)  acc: 0.1950 (0.1961)  time: 2.5337  data: 0.0002  max mem: 34353
Epoch: [0]  [40/94]  eta: 0:02:18  lr: 0.004255776595744681  clips/s: 3.152  loss: 2.1234 (2.3584)  acc: 0.2658 (0.2267)  time: 2.5369  data: 0.0002  max mem: 34353
Epoch: [0]  [60/94]  eta: 0:01:27  lr: 0.006383414893617021  clips/s: 3.151  loss: 2.0666 (2.2684)  acc: 0.2733 (0.2406)  time: 2.5380  data: 0.0002  max mem: 34353
Epoch: [0]  [80/94]  eta: 0:00:35  lr: 0.008511053191489362  clips/s: 3.151  loss: 2.0478 (2.2170)  acc: 0.2817 (0.2516)  time: 2.5392  data: 0.0002  max mem: 34353
Epoch: [0] Total time: 0:03:59
Test:  [ 0/63]  eta: 0:01:40  loss: 2.0963 (2.0963)  acc: 0.2408 (0.2408)  time: 1.5989  data: 0.3876  max mem: 34353
/home/ubuntu/pc/HOI4D_ActionSeg/train_pptr.py:89: RuntimeWarning: invalid value encountered in divide
  IoU = (1.0*intersection / union)*([p_label[j] == y_label[x] for x in range(len(y_label))])
Test:  [20/63]  eta: 0:00:52  loss: 1.9583 (2.0391)  acc: 0.2950 (0.2912)  time: 1.2053  data: 0.0002  max mem: 34353
Test:  [40/63]  eta: 0:00:27  loss: 1.9871 (2.0541)  acc: 0.2883 (0.2899)  time: 1.2070  data: 0.0003  max mem: 34353
Test:  [60/63]  eta: 0:00:03  loss: 1.9693 (2.0355)  acc: 0.2400 (0.2771)  time: 1.2063  data: 0.0002  max mem: 34353
Test: Total time: 0:01:15
Edit: 26.9282
F1@0.10: 21.2182
F1@0.25: 14.8203
F1@0.50: 8.1507
total acc: 0.275